10-Jul-2024 06:53:30.125 INFO [main] org.apache.catalina.startup.VersionLoggerListener.log Server version name:   Apache Tomcat/10.1.25
10-Jul-2024 06:53:30.159 INFO [main] org.apache.catalina.startup.VersionLoggerListener.log Server built:          Jun 14 2024 19:31:59 UTC
10-Jul-2024 06:53:30.160 INFO [main] org.apache.catalina.startup.VersionLoggerListener.log Server version number: 10.1.25.0
10-Jul-2024 06:53:30.160 INFO [main] org.apache.catalina.startup.VersionLoggerListener.log OS Name:               Linux
10-Jul-2024 06:53:30.161 INFO [main] org.apache.catalina.startup.VersionLoggerListener.log OS Version:            5.15.153.1-microsoft-standard-WSL2
10-Jul-2024 06:53:30.161 INFO [main] org.apache.catalina.startup.VersionLoggerListener.log Architecture:          amd64
10-Jul-2024 06:53:30.161 INFO [main] org.apache.catalina.startup.VersionLoggerListener.log Java Home:             /opt/java/openjdk
10-Jul-2024 06:53:30.162 INFO [main] org.apache.catalina.startup.VersionLoggerListener.log JVM Version:           21.0.3+9-LTS
10-Jul-2024 06:53:30.162 INFO [main] org.apache.catalina.startup.VersionLoggerListener.log JVM Vendor:            Eclipse Adoptium
10-Jul-2024 06:53:30.163 INFO [main] org.apache.catalina.startup.VersionLoggerListener.log CATALINA_BASE:         /usr/local/tomcat
10-Jul-2024 06:53:30.163 INFO [main] org.apache.catalina.startup.VersionLoggerListener.log CATALINA_HOME:         /usr/local/tomcat
10-Jul-2024 06:53:30.310 INFO [main] org.apache.catalina.startup.VersionLoggerListener.log Command line argument: -Djava.util.logging.config.file=/usr/local/tomcat/conf/logging.properties
10-Jul-2024 06:53:30.310 INFO [main] org.apache.catalina.startup.VersionLoggerListener.log Command line argument: -Djava.util.logging.manager=org.apache.juli.ClassLoaderLogManager
10-Jul-2024 06:53:30.310 INFO [main] org.apache.catalina.startup.VersionLoggerListener.log Command line argument: -Djdk.tls.ephemeralDHKeySize=2048
10-Jul-2024 06:53:30.311 INFO [main] org.apache.catalina.startup.VersionLoggerListener.log Command line argument: -Djava.protocol.handler.pkgs=org.apache.catalina.webresources
10-Jul-2024 06:53:30.311 INFO [main] org.apache.catalina.startup.VersionLoggerListener.log Command line argument: -Dorg.apache.catalina.security.SecurityListener.UMASK=0027
10-Jul-2024 06:53:30.311 INFO [main] org.apache.catalina.startup.VersionLoggerListener.log Command line argument: --add-opens=java.base/java.lang=ALL-UNNAMED
10-Jul-2024 06:53:30.312 INFO [main] org.apache.catalina.startup.VersionLoggerListener.log Command line argument: --add-opens=java.base/java.io=ALL-UNNAMED
10-Jul-2024 06:53:30.312 INFO [main] org.apache.catalina.startup.VersionLoggerListener.log Command line argument: --add-opens=java.base/java.util=ALL-UNNAMED
10-Jul-2024 06:53:30.312 INFO [main] org.apache.catalina.startup.VersionLoggerListener.log Command line argument: --add-opens=java.base/java.util.concurrent=ALL-UNNAMED
10-Jul-2024 06:53:30.313 INFO [main] org.apache.catalina.startup.VersionLoggerListener.log Command line argument: --add-opens=java.rmi/sun.rmi.transport=ALL-UNNAMED
10-Jul-2024 06:53:30.313 INFO [main] org.apache.catalina.startup.VersionLoggerListener.log Command line argument: -Dcatalina.base=/usr/local/tomcat
10-Jul-2024 06:53:30.313 INFO [main] org.apache.catalina.startup.VersionLoggerListener.log Command line argument: -Dcatalina.home=/usr/local/tomcat
10-Jul-2024 06:53:30.314 INFO [main] org.apache.catalina.startup.VersionLoggerListener.log Command line argument: -Djava.io.tmpdir=/usr/local/tomcat/temp
10-Jul-2024 06:53:30.497 INFO [main] org.apache.catalina.core.AprLifecycleListener.lifecycleEvent Loaded Apache Tomcat Native library [2.0.7] using APR version [1.7.0].
10-Jul-2024 06:53:30.593 INFO [main] org.apache.catalina.core.AprLifecycleListener.initializeSSL OpenSSL successfully initialized [OpenSSL 3.0.2 15 Mar 2022]
10-Jul-2024 06:53:32.456 INFO [main] org.apache.coyote.AbstractProtocol.init Initializing ProtocolHandler ["http-nio-8080"]
10-Jul-2024 06:53:32.634 INFO [main] org.apache.catalina.startup.Catalina.load Server initialization in [4014] milliseconds
10-Jul-2024 06:53:32.962 INFO [main] org.apache.catalina.core.StandardService.startInternal Starting service [Catalina]
10-Jul-2024 06:53:32.963 INFO [main] org.apache.catalina.core.StandardEngine.startInternal Starting Servlet engine: [Apache Tomcat/10.1.25]
10-Jul-2024 06:53:33.066 INFO [main] org.apache.catalina.startup.HostConfig.deployDirectory Deploying web application directory [/usr/local/tomcat/webapps/docs]
10-Jul-2024 06:53:35.550 INFO [main] org.apache.catalina.startup.HostConfig.deployDirectory Deployment of web application directory [/usr/local/tomcat/webapps/docs] has finished in [2,483] ms
10-Jul-2024 06:53:35.554 INFO [main] org.apache.catalina.startup.HostConfig.deployDirectory Deploying web application directory [/usr/local/tomcat/webapps/examples]
10-Jul-2024 06:54:02.712 INFO [main] org.apache.catalina.startup.HostConfig.deployDirectory Deployment of web application directory [/usr/local/tomcat/webapps/examples] has finished in [27,158] ms
10-Jul-2024 06:54:02.717 INFO [main] org.apache.catalina.startup.HostConfig.deployDirectory Deploying web application directory [/usr/local/tomcat/webapps/host-manager]
10-Jul-2024 06:54:03.588 INFO [main] org.apache.catalina.startup.HostConfig.deployDirectory Deployment of web application directory [/usr/local/tomcat/webapps/host-manager] has finished in [871] ms
10-Jul-2024 06:54:03.591 INFO [main] org.apache.catalina.startup.HostConfig.deployDirectory Deploying web application directory [/usr/local/tomcat/webapps/manager]
10-Jul-2024 06:54:04.721 INFO [main] org.apache.catalina.startup.HostConfig.deployDirectory Deployment of web application directory [/usr/local/tomcat/webapps/manager] has finished in [1,131] ms
10-Jul-2024 06:54:04.723 INFO [main] org.apache.catalina.startup.HostConfig.deployDirectory Deploying web application directory [/usr/local/tomcat/webapps/ROOT]
10-Jul-2024 06:54:05.097 INFO [main] org.apache.catalina.startup.HostConfig.deployDirectory Deployment of web application directory [/usr/local/tomcat/webapps/ROOT] has finished in [373] ms
10-Jul-2024 06:54:05.105 INFO [main] org.apache.coyote.AbstractProtocol.start Starting ProtocolHandler ["http-nio-8080"]
10-Jul-2024 06:54:05.133 INFO [main] org.apache.catalina.startup.Catalina.start Server startup in [32495] milliseconds
10-Jul-2024 10:13:50.318 INFO [Thread-1] org.apache.coyote.AbstractProtocol.pause Pausing ProtocolHandler ["http-nio-8080"]
10-Jul-2024 10:13:50.585 INFO [Thread-1] org.apache.catalina.core.StandardService.stopInternal Stopping service [Catalina]
10-Jul-2024 10:13:50.725 INFO [Thread-1] org.apache.coyote.AbstractProtocol.stop Stopping ProtocolHandler ["http-nio-8080"]
10-Jul-2024 10:13:50.734 INFO [Thread-1] org.apache.coyote.AbstractProtocol.destroy Destroying ProtocolHandler ["http-nio-8080"]
