23-Apr-2024 07:14:42.066 INFO [main] org.apache.catalina.startup.VersionLoggerListener.log Server version name:   Apache Tomcat/10.1.20
23-Apr-2024 07:14:42.068 INFO [main] org.apache.catalina.startup.VersionLoggerListener.log Server built:          Mar 19 2024 12:49:58 UTC
23-Apr-2024 07:14:42.068 INFO [main] org.apache.catalina.startup.VersionLoggerListener.log Server version number: 10.1.20.0
23-Apr-2024 07:14:42.069 INFO [main] org.apache.catalina.startup.VersionLoggerListener.log OS Name:               Linux
23-Apr-2024 07:14:42.069 INFO [main] org.apache.catalina.startup.VersionLoggerListener.log OS Version:            5.15.146.1-microsoft-standard-WSL2
23-Apr-2024 07:14:42.069 INFO [main] org.apache.catalina.startup.VersionLoggerListener.log Architecture:          amd64
23-Apr-2024 07:14:42.069 INFO [main] org.apache.catalina.startup.VersionLoggerListener.log Java Home:             /opt/java/openjdk
23-Apr-2024 07:14:42.069 INFO [main] org.apache.catalina.startup.VersionLoggerListener.log JVM Version:           21.0.2+13-LTS
23-Apr-2024 07:14:42.069 INFO [main] org.apache.catalina.startup.VersionLoggerListener.log JVM Vendor:            Eclipse Adoptium
23-Apr-2024 07:14:42.069 INFO [main] org.apache.catalina.startup.VersionLoggerListener.log CATALINA_BASE:         /usr/local/tomcat
23-Apr-2024 07:14:42.069 INFO [main] org.apache.catalina.startup.VersionLoggerListener.log CATALINA_HOME:         /usr/local/tomcat
23-Apr-2024 07:14:42.075 INFO [main] org.apache.catalina.startup.VersionLoggerListener.log Command line argument: -Djava.util.logging.config.file=/usr/local/tomcat/conf/logging.properties
23-Apr-2024 07:14:42.075 INFO [main] org.apache.catalina.startup.VersionLoggerListener.log Command line argument: -Djava.util.logging.manager=org.apache.juli.ClassLoaderLogManager
23-Apr-2024 07:14:42.075 INFO [main] org.apache.catalina.startup.VersionLoggerListener.log Command line argument: -Djdk.tls.ephemeralDHKeySize=2048
23-Apr-2024 07:14:42.075 INFO [main] org.apache.catalina.startup.VersionLoggerListener.log Command line argument: -Djava.protocol.handler.pkgs=org.apache.catalina.webresources
23-Apr-2024 07:14:42.075 INFO [main] org.apache.catalina.startup.VersionLoggerListener.log Command line argument: -Dorg.apache.catalina.security.SecurityListener.UMASK=0027
23-Apr-2024 07:14:42.075 INFO [main] org.apache.catalina.startup.VersionLoggerListener.log Command line argument: --add-opens=java.base/java.lang=ALL-UNNAMED
23-Apr-2024 07:14:42.075 INFO [main] org.apache.catalina.startup.VersionLoggerListener.log Command line argument: --add-opens=java.base/java.io=ALL-UNNAMED
23-Apr-2024 07:14:42.075 INFO [main] org.apache.catalina.startup.VersionLoggerListener.log Command line argument: --add-opens=java.base/java.util=ALL-UNNAMED
23-Apr-2024 07:14:42.076 INFO [main] org.apache.catalina.startup.VersionLoggerListener.log Command line argument: --add-opens=java.base/java.util.concurrent=ALL-UNNAMED
23-Apr-2024 07:14:42.076 INFO [main] org.apache.catalina.startup.VersionLoggerListener.log Command line argument: --add-opens=java.rmi/sun.rmi.transport=ALL-UNNAMED
23-Apr-2024 07:14:42.076 INFO [main] org.apache.catalina.startup.VersionLoggerListener.log Command line argument: -Dcatalina.base=/usr/local/tomcat
23-Apr-2024 07:14:42.076 INFO [main] org.apache.catalina.startup.VersionLoggerListener.log Command line argument: -Dcatalina.home=/usr/local/tomcat
23-Apr-2024 07:14:42.076 INFO [main] org.apache.catalina.startup.VersionLoggerListener.log Command line argument: -Djava.io.tmpdir=/usr/local/tomcat/temp
23-Apr-2024 07:14:42.078 INFO [main] org.apache.catalina.core.AprLifecycleListener.lifecycleEvent Loaded Apache Tomcat Native library [2.0.7] using APR version [1.7.0].
23-Apr-2024 07:14:42.080 INFO [main] org.apache.catalina.core.AprLifecycleListener.initializeSSL OpenSSL successfully initialized [OpenSSL 3.0.2 15 Mar 2022]
23-Apr-2024 07:14:42.246 INFO [main] org.apache.coyote.AbstractProtocol.init Initializing ProtocolHandler ["http-nio-8080"]
23-Apr-2024 07:14:42.258 INFO [main] org.apache.catalina.startup.Catalina.load Server initialization in [303] milliseconds
23-Apr-2024 07:14:42.295 INFO [main] org.apache.catalina.core.StandardService.startInternal Starting service [Catalina]
23-Apr-2024 07:14:42.295 INFO [main] org.apache.catalina.core.StandardEngine.startInternal Starting Servlet engine: [Apache Tomcat/10.1.20]
23-Apr-2024 07:14:42.307 INFO [main] org.apache.catalina.startup.HostConfig.deployDirectory Deploying web application directory [/usr/local/tomcat/webapps/docs]
23-Apr-2024 07:14:42.607 INFO [main] org.apache.catalina.startup.HostConfig.deployDirectory Deployment of web application directory [/usr/local/tomcat/webapps/docs] has finished in [300] ms
23-Apr-2024 07:14:42.608 INFO [main] org.apache.catalina.startup.HostConfig.deployDirectory Deploying web application directory [/usr/local/tomcat/webapps/examples]
23-Apr-2024 07:14:45.014 INFO [main] org.apache.catalina.startup.HostConfig.deployDirectory Deployment of web application directory [/usr/local/tomcat/webapps/examples] has finished in [2,406] ms
23-Apr-2024 07:14:45.014 INFO [main] org.apache.catalina.startup.HostConfig.deployDirectory Deploying web application directory [/usr/local/tomcat/webapps/host-manager]
23-Apr-2024 07:14:45.131 INFO [main] org.apache.catalina.startup.HostConfig.deployDirectory Deployment of web application directory [/usr/local/tomcat/webapps/host-manager] has finished in [116] ms
23-Apr-2024 07:14:45.131 INFO [main] org.apache.catalina.startup.HostConfig.deployDirectory Deploying web application directory [/usr/local/tomcat/webapps/manager]
23-Apr-2024 07:14:45.275 INFO [main] org.apache.catalina.startup.HostConfig.deployDirectory Deployment of web application directory [/usr/local/tomcat/webapps/manager] has finished in [144] ms
23-Apr-2024 07:14:45.276 INFO [main] org.apache.catalina.startup.HostConfig.deployDirectory Deploying web application directory [/usr/local/tomcat/webapps/ROOT]
23-Apr-2024 07:14:45.349 INFO [main] org.apache.catalina.startup.HostConfig.deployDirectory Deployment of web application directory [/usr/local/tomcat/webapps/ROOT] has finished in [73] ms
23-Apr-2024 07:14:45.351 INFO [main] org.apache.coyote.AbstractProtocol.start Starting ProtocolHandler ["http-nio-8080"]
23-Apr-2024 07:14:45.356 INFO [main] org.apache.catalina.startup.Catalina.start Server startup in [3098] milliseconds
23-Apr-2024 07:19:14.466 INFO [Thread-1] org.apache.coyote.AbstractProtocol.pause Pausing ProtocolHandler ["http-nio-8080"]
23-Apr-2024 07:19:14.468 INFO [Thread-1] org.apache.catalina.core.StandardService.stopInternal Stopping service [Catalina]
23-Apr-2024 07:19:14.482 INFO [Thread-1] org.apache.coyote.AbstractProtocol.stop Stopping ProtocolHandler ["http-nio-8080"]
23-Apr-2024 07:19:14.492 INFO [Thread-1] org.apache.coyote.AbstractProtocol.destroy Destroying ProtocolHandler ["http-nio-8080"]
