07-Jul-2024 05:00:43.055 INFO [main] org.apache.catalina.startup.VersionLoggerListener.log Server version name:   Apache Tomcat/10.1.25
07-Jul-2024 05:00:43.077 INFO [main] org.apache.catalina.startup.VersionLoggerListener.log Server built:          Jun 14 2024 19:31:59 UTC
07-Jul-2024 05:00:43.077 INFO [main] org.apache.catalina.startup.VersionLoggerListener.log Server version number: 10.1.25.0
07-Jul-2024 05:00:43.077 INFO [main] org.apache.catalina.startup.VersionLoggerListener.log OS Name:               Linux
07-Jul-2024 05:00:43.078 INFO [main] org.apache.catalina.startup.VersionLoggerListener.log OS Version:            5.15.153.1-microsoft-standard-WSL2
07-Jul-2024 05:00:43.078 INFO [main] org.apache.catalina.startup.VersionLoggerListener.log Architecture:          amd64
07-Jul-2024 05:00:43.078 INFO [main] org.apache.catalina.startup.VersionLoggerListener.log Java Home:             /opt/java/openjdk
07-Jul-2024 05:00:43.078 INFO [main] org.apache.catalina.startup.VersionLoggerListener.log JVM Version:           21.0.3+9-LTS
07-Jul-2024 05:00:43.079 INFO [main] org.apache.catalina.startup.VersionLoggerListener.log JVM Vendor:            Eclipse Adoptium
07-Jul-2024 05:00:43.079 INFO [main] org.apache.catalina.startup.VersionLoggerListener.log CATALINA_BASE:         /usr/local/tomcat
07-Jul-2024 05:00:43.079 INFO [main] org.apache.catalina.startup.VersionLoggerListener.log CATALINA_HOME:         /usr/local/tomcat
07-Jul-2024 05:00:43.125 INFO [main] org.apache.catalina.startup.VersionLoggerListener.log Command line argument: -Djava.util.logging.config.file=/usr/local/tomcat/conf/logging.properties
07-Jul-2024 05:00:43.125 INFO [main] org.apache.catalina.startup.VersionLoggerListener.log Command line argument: -Djava.util.logging.manager=org.apache.juli.ClassLoaderLogManager
07-Jul-2024 05:00:43.126 INFO [main] org.apache.catalina.startup.VersionLoggerListener.log Command line argument: -Djdk.tls.ephemeralDHKeySize=2048
07-Jul-2024 05:00:43.126 INFO [main] org.apache.catalina.startup.VersionLoggerListener.log Command line argument: -Djava.protocol.handler.pkgs=org.apache.catalina.webresources
07-Jul-2024 05:00:43.126 INFO [main] org.apache.catalina.startup.VersionLoggerListener.log Command line argument: -Dorg.apache.catalina.security.SecurityListener.UMASK=0027
07-Jul-2024 05:00:43.127 INFO [main] org.apache.catalina.startup.VersionLoggerListener.log Command line argument: --add-opens=java.base/java.lang=ALL-UNNAMED
07-Jul-2024 05:00:43.127 INFO [main] org.apache.catalina.startup.VersionLoggerListener.log Command line argument: --add-opens=java.base/java.io=ALL-UNNAMED
07-Jul-2024 05:00:43.127 INFO [main] org.apache.catalina.startup.VersionLoggerListener.log Command line argument: --add-opens=java.base/java.util=ALL-UNNAMED
07-Jul-2024 05:00:43.127 INFO [main] org.apache.catalina.startup.VersionLoggerListener.log Command line argument: --add-opens=java.base/java.util.concurrent=ALL-UNNAMED
07-Jul-2024 05:00:43.128 INFO [main] org.apache.catalina.startup.VersionLoggerListener.log Command line argument: --add-opens=java.rmi/sun.rmi.transport=ALL-UNNAMED
07-Jul-2024 05:00:43.128 INFO [main] org.apache.catalina.startup.VersionLoggerListener.log Command line argument: -Dcatalina.base=/usr/local/tomcat
07-Jul-2024 05:00:43.128 INFO [main] org.apache.catalina.startup.VersionLoggerListener.log Command line argument: -Dcatalina.home=/usr/local/tomcat
07-Jul-2024 05:00:43.129 INFO [main] org.apache.catalina.startup.VersionLoggerListener.log Command line argument: -Djava.io.tmpdir=/usr/local/tomcat/temp
07-Jul-2024 05:00:43.145 INFO [main] org.apache.catalina.core.AprLifecycleListener.lifecycleEvent Loaded Apache Tomcat Native library [2.0.7] using APR version [1.7.0].
07-Jul-2024 05:00:43.171 INFO [main] org.apache.catalina.core.AprLifecycleListener.initializeSSL OpenSSL successfully initialized [OpenSSL 3.0.2 15 Mar 2022]
07-Jul-2024 05:00:44.543 INFO [main] org.apache.coyote.AbstractProtocol.init Initializing ProtocolHandler ["http-nio-8080"]
07-Jul-2024 05:00:44.737 INFO [main] org.apache.catalina.startup.Catalina.load Server initialization in [2814] milliseconds
07-Jul-2024 05:00:44.967 INFO [main] org.apache.catalina.core.StandardService.startInternal Starting service [Catalina]
07-Jul-2024 05:00:44.967 INFO [main] org.apache.catalina.core.StandardEngine.startInternal Starting Servlet engine: [Apache Tomcat/10.1.25]
07-Jul-2024 05:00:45.035 INFO [main] org.apache.catalina.startup.HostConfig.deployDirectory Deploying web application directory [/usr/local/tomcat/webapps/docs]
07-Jul-2024 05:00:47.310 INFO [main] org.apache.catalina.startup.HostConfig.deployDirectory Deployment of web application directory [/usr/local/tomcat/webapps/docs] has finished in [2,274] ms
07-Jul-2024 05:00:47.448 INFO [main] org.apache.catalina.startup.HostConfig.deployDirectory Deploying web application directory [/usr/local/tomcat/webapps/examples]
07-Jul-2024 05:01:10.440 INFO [main] org.apache.catalina.startup.HostConfig.deployDirectory Deployment of web application directory [/usr/local/tomcat/webapps/examples] has finished in [22,992] ms
07-Jul-2024 05:01:10.511 INFO [main] org.apache.catalina.startup.HostConfig.deployDirectory Deploying web application directory [/usr/local/tomcat/webapps/host-manager]
07-Jul-2024 05:01:11.104 INFO [main] org.apache.catalina.startup.HostConfig.deployDirectory Deployment of web application directory [/usr/local/tomcat/webapps/host-manager] has finished in [593] ms
07-Jul-2024 05:01:11.196 INFO [main] org.apache.catalina.startup.HostConfig.deployDirectory Deploying web application directory [/usr/local/tomcat/webapps/manager]
07-Jul-2024 05:01:12.081 INFO [main] org.apache.catalina.startup.HostConfig.deployDirectory Deployment of web application directory [/usr/local/tomcat/webapps/manager] has finished in [885] ms
07-Jul-2024 05:01:12.082 INFO [main] org.apache.catalina.startup.HostConfig.deployDirectory Deploying web application directory [/usr/local/tomcat/webapps/ROOT]
07-Jul-2024 05:01:12.549 INFO [main] org.apache.catalina.startup.HostConfig.deployDirectory Deployment of web application directory [/usr/local/tomcat/webapps/ROOT] has finished in [467] ms
07-Jul-2024 05:01:12.554 INFO [main] org.apache.coyote.AbstractProtocol.start Starting ProtocolHandler ["http-nio-8080"]
07-Jul-2024 05:01:12.565 INFO [main] org.apache.catalina.startup.Catalina.start Server startup in [27826] milliseconds
07-Jul-2024 10:32:04.998 INFO [Thread-1] org.apache.coyote.AbstractProtocol.pause Pausing ProtocolHandler ["http-nio-8080"]
07-Jul-2024 10:32:05.082 INFO [Thread-1] org.apache.catalina.core.StandardService.stopInternal Stopping service [Catalina]
07-Jul-2024 10:32:05.287 INFO [Thread-1] org.apache.coyote.AbstractProtocol.stop Stopping ProtocolHandler ["http-nio-8080"]
07-Jul-2024 10:32:05.307 INFO [Thread-1] org.apache.coyote.AbstractProtocol.destroy Destroying ProtocolHandler ["http-nio-8080"]
