15-May-2024 07:16:27.226 INFO [main] org.apache.catalina.core.ApplicationContext.log ContextListener: contextInitialized()
15-May-2024 07:16:27.226 INFO [main] org.apache.catalina.core.ApplicationContext.log SessionListener: contextInitialized()
15-May-2024 07:16:27.290 INFO [main] org.apache.catalina.core.ApplicationContext.log ContextListener: attributeAdded('StockTicker', 'async.Stockticker@878452d')
15-May-2024 07:55:50.885 INFO [Thread-1] org.apache.catalina.core.ApplicationContext.log SessionListener: contextDestroyed()
15-May-2024 07:55:50.885 INFO [Thread-1] org.apache.catalina.core.ApplicationContext.log ContextListener: contextDestroyed()
15-May-2024 07:58:07.241 INFO [main] org.apache.catalina.core.ApplicationContext.log ContextListener: contextInitialized()
15-May-2024 07:58:07.241 INFO [main] org.apache.catalina.core.ApplicationContext.log SessionListener: contextInitialized()
15-May-2024 07:58:07.259 INFO [main] org.apache.catalina.core.ApplicationContext.log ContextListener: attributeAdded('StockTicker', 'async.Stockticker@55e8ec2f')
15-May-2024 07:58:11.819 INFO [Thread-1] org.apache.catalina.core.ApplicationContext.log SessionListener: contextDestroyed()
15-May-2024 07:58:11.819 INFO [Thread-1] org.apache.catalina.core.ApplicationContext.log ContextListener: contextDestroyed()
15-May-2024 07:59:19.199 INFO [main] org.apache.catalina.core.ApplicationContext.log ContextListener: contextInitialized()
15-May-2024 07:59:19.199 INFO [main] org.apache.catalina.core.ApplicationContext.log SessionListener: contextInitialized()
15-May-2024 07:59:19.209 INFO [main] org.apache.catalina.core.ApplicationContext.log ContextListener: attributeAdded('StockTicker', 'async.Stockticker@878452d')
15-May-2024 08:08:58.549 INFO [Thread-1] org.apache.catalina.core.ApplicationContext.log SessionListener: contextDestroyed()
15-May-2024 08:08:58.549 INFO [Thread-1] org.apache.catalina.core.ApplicationContext.log ContextListener: contextDestroyed()
15-May-2024 08:09:36.370 INFO [main] org.apache.catalina.core.ApplicationContext.log ContextListener: contextInitialized()
15-May-2024 08:09:36.371 INFO [main] org.apache.catalina.core.ApplicationContext.log SessionListener: contextInitialized()
15-May-2024 08:09:36.380 INFO [main] org.apache.catalina.core.ApplicationContext.log ContextListener: attributeAdded('StockTicker', 'async.Stockticker@878452d')
15-May-2024 08:43:36.055 INFO [Thread-1] org.apache.catalina.core.ApplicationContext.log SessionListener: contextDestroyed()
15-May-2024 08:43:36.055 INFO [Thread-1] org.apache.catalina.core.ApplicationContext.log ContextListener: contextDestroyed()
